Linha[52]Arquivo[Simulacao.cpp]Mensagem[Início da Simulação]
Linha[58]Arquivo[Simulacao.cpp]Mensagem[Probabilidade[30]]
Linha[6]Arquivo[Pista.cpp]Mensagem[Gerando Carro]
Linha[6]Arquivo[Pista.cpp]Mensagem[Gerando Carro]
Linha[6]Arquivo[Pista.cpp]Mensagem[Gerando Carro]
Linha[6]Arquivo[Pista.cpp]Mensagem[Gerando Carro]
Linha[6]Arquivo[Pista.cpp]Mensagem[Gerando Carro]
Linha[6]Arquivo[Pista.cpp]Mensagem[Gerando Carro]
Linha[31]Arquivo[Simulacao.cpp]Mensagem[Thread Gera Carro id [1] [0] carros.]
Linha[31]Arquivo[Simulacao.cpp]Mensagem[Thread Gera Carro id [2] [0] carros.]
Linha[31]Arquivo[Simulacao.cpp]Mensagem[Thread Gera Carro id [3] [0] carros.]
Linha[31]Arquivo[Simulacao.cpp]Mensagem[Thread Gera Carro id [4] [0] carros.]
Linha[31]Arquivo[Simulacao.cpp]Mensagem[Thread Gera Carro id [5] [0] carros.]
Linha[31]Arquivo[Simulacao.cpp]Mensagem[Thread Gera Carro id [6] [0] carros.]
Linha[6]Arquivo[Pista.cpp]Mensagem[Gerando Carro]
Linha[6]Arquivo[Pista.cpp]Mensagem[Gerando Carro]
Linha[6]Arquivo[Pista.cpp]Mensagem[Gerando Carro]
Linha[6]Arquivo[Pista.cpp]Mensagem[Gerando Carro]
Linha[6]Arquivo[Pista.cpp]Mensagem[Gerando Carro]
Linha[6]Arquivo[Pista.cpp]Mensagem[Gerando Carro]
Linha[31]Arquivo[Simulacao.cpp]Mensagem[Thread Gera Carro id [1] [1] carros.]
Linha[31]Arquivo[Simulacao.cpp]Mensagem[Thread Gera Carro id [2] [1] carros.]
Linha[31]Arquivo[Simulacao.cpp]Mensagem[Thread Gera Carro id [3] [1] carros.]
Linha[31]Arquivo[Simulacao.cpp]Mensagem[Thread Gera Carro id [4] [1] carros.]
Linha[31]Arquivo[Simulacao.cpp]Mensagem[Thread Gera Carro id [5] [1] carros.]
Linha[31]Arquivo[Simulacao.cpp]Mensagem[Thread Gera Carro id [6] [1] carros.]
Linha[42]Arquivo[Simulacao.cpp]Mensagem[Thread Move Carro [0]]
Linha[6]Arquivo[Pista.cpp]Mensagem[Gerando Carro]
Linha[42]Arquivo[Simulacao.cpp]Mensagem[Thread Move Carro [1]]
Linha[6]Arquivo[Pista.cpp]Mensagem[Gerando Carro]
Linha[42]Arquivo[Simulacao.cpp]Mensagem[Thread Move Carro [2]]
Linha[42]Arquivo[Simulacao.cpp]Mensagem[Thread Move Carro [3]]
Linha[6]Arquivo[Pista.cpp]Mensagem[Gerando Carro]
Linha[42]Arquivo[Simulacao.cpp]Mensagem[Thread Move Carro [4]]
Linha[6]Arquivo[Pista.cpp]Mensagem[Gerando Carro]
Linha[42]Arquivo[Simulacao.cpp]Mensagem[Thread Move Carro [5]]
Linha[6]Arquivo[Pista.cpp]Mensagem[Gerando Carro]
Linha[6]Arquivo[Pista.cpp]Mensagem[Gerando Carro]
Linha[31]Arquivo[Simulacao.cpp]Mensagem[Thread Gera Carro id [1] [1] carros.]
Linha[31]Arquivo[Simulacao.cpp]Mensagem[Thread Gera Carro id [2] [1] carros.]
Linha[31]Arquivo[Simulacao.cpp]Mensagem[Thread Gera Carro id [3] [1] carros.]
Linha[42]Arquivo[Simulacao.cpp]Mensagem[Thread Move Carro [0]]
Linha[31]Arquivo[Simulacao.cpp]Mensagem[Thread Gera Carro id [4] [1] carros.]
Linha[42]Arquivo[Simulacao.cpp]Mensagem[Thread Move Carro [1]]
Linha[31]Arquivo[Simulacao.cpp]Mensagem[Thread Gera Carro id [5] [1] carros.]
Linha[42]Arquivo[Simulacao.cpp]Mensagem[Thread Move Carro [2]]
Linha[31]Arquivo[Simulacao.cpp]Mensagem[Thread Gera Carro id [6] [1] carros.]
Linha[42]Arquivo[Simulacao.cpp]Mensagem[Thread Move Carro [3]]
Linha[6]Arquivo[Pista.cpp]Mensagem[Gerando Carro]
Linha[42]Arquivo[Simulacao.cpp]Mensagem[Thread Move Carro [4]]
Linha[6]Arquivo[Pista.cpp]Mensagem[Gerando Carro]
Linha[42]Arquivo[Simulacao.cpp]Mensagem[Thread Move Carro [5]]
Linha[6]Arquivo[Pista.cpp]Mensagem[Gerando Carro]
Linha[6]Arquivo[Pista.cpp]Mensagem[Gerando Carro]
Linha[6]Arquivo[Pista.cpp]Mensagem[Gerando Carro]
Linha[42]Arquivo[Simulacao.cpp]Mensagem[Thread Move Carro [0]]
Linha[42]Arquivo[Simulacao.cpp]Mensagem[Thread Move Carro [1]]
Linha[6]Arquivo[Pista.cpp]Mensagem[Gerando Carro]
Linha[42]Arquivo[Simulacao.cpp]Mensagem[Thread Move Carro [2]]
Linha[31]Arquivo[Simulacao.cpp]Mensagem[Thread Gera Carro id [1] [1] carros.]
Linha[31]Arquivo[Simulacao.cpp]Mensagem[Thread Gera Carro id [2] [1] carros.]
